<?xml version="1.0" encoding="UTF-8"?>
<coverage generated="1775628049633" clover="3.2.0">
  <project timestamp="1775628049634" name="All files">
    <metrics statements="9" coveredstatements="9" conditionals="4" coveredconditionals="4" methods="1" coveredmethods="1" elements="14" coveredelements="14" complexity="0" loc="9" ncloc="9" packages="2" files="3" classes="3"/>
    <package name="Constant">
      <metrics statements="1" coveredstatements="1" conditionals="0" coveredconditionals="0" methods="0" coveredmethods="0"/>
      <file name="Constant.ts" path="C:\Users\Fiki\Documents\grinding\micro_component\General-Text\src\Constant\Constant.ts">
        <metrics statements="1" coveredstatements="1" conditionals="0" coveredconditionals="0" methods="0" coveredmethods="0"/>
        <line num="1" count="1" type="stmt"/>
      </file>
    </package>
    <package name="GeneralText">
      <metrics statements="8" coveredstatements="8" conditionals="4" coveredconditionals="4" methods="1" coveredmethods="1"/>
      <file name="GeneralText.component.styles.ts" path="C:\Users\Fiki\Documents\grinding\micro_component\General-Text\src\GeneralText\GeneralText.component.styles.ts">
        <metrics statements="2" coveredstatements="2" conditionals="0" coveredconditionals="0" methods="0" coveredmethods="0"/>
        <line num="8" count="1" type="stmt"/>
        <line num="35" count="1" type="stmt"/>
      </file>
      <file name="GeneralText.component.tsx" path="C:\Users\Fiki\Documents\grinding\micro_component\General-Text\src\GeneralText\GeneralText.component.tsx">
        <metrics statements="6" coveredstatements="6" conditionals="4" coveredconditionals="4" methods="1" coveredmethods="1"/>
        <line num="7" count="1" type="stmt"/>
        <line num="9" count="1" type="stmt"/>
        <line num="23" count="1" type="cond" truecount="2" falsecount="0"/>
        <line num="24" count="7" type="stmt"/>
        <line num="25" count="7" type="stmt"/>
        <line num="31" count="7" type="stmt"/>
      </file>
    </package>
  </project>
</coverage>
