{"C:\\Users\\Fiki\\Documents\\grinding\\micro_component\\General-Text\\src\\Constant\\Constant.ts": {"path":"C:\\Users\\Fiki\\Documents\\grinding\\micro_component\\General-Text\\src\\Constant\\Constant.ts","statementMap":{"0":{"start":{"line":1,"column":17},"end":{"line":18,"column":null}}},"fnMap":{},"branchMap":{},"s":{"0":1},"f":{},"b":{},"meta":{"lastBranch":0,"lastFunction":0,"lastStatement":1,"seen":{"s:1:17:18:Infinity":0}}}
,"C:\\Users\\Fiki\\Documents\\grinding\\micro_component\\General-Text\\src\\GeneralText\\GeneralText.component.styles.ts": {"path":"C:\\Users\\Fiki\\Documents\\grinding\\micro_component\\General-Text\\src\\GeneralText\\GeneralText.component.styles.ts","statementMap":{"0":{"start":{"line":8,"column":50},"end":{"line":33,"column":null}},"1":{"start":{"line":35,"column":15},"end":{"line":43,"column":null}}},"fnMap":{},"branchMap":{},"s":{"0":1,"1":1},"f":{},"b":{},"meta":{"lastBranch":0,"lastFunction":0,"lastStatement":2,"seen":{"s:8:50:33:Infinity":0,"s:35:15:43:Infinity":1}}}
,"C:\\Users\\Fiki\\Documents\\grinding\\micro_component\\General-Text\\src\\GeneralText\\GeneralText.component.tsx": {"path":"C:\\Users\\Fiki\\Documents\\grinding\\micro_component\\General-Text\\src\\GeneralText\\GeneralText.component.tsx","statementMap":{"0":{"start":{"line":7,"column":31},"end":{"line":7,"column":null}},"1":{"start":{"line":9,"column":69},"end":{"line":15,"column":null}},"2":{"start":{"line":23,"column":6},"end":{"line":31,"column":null}},"3":{"start":{"line":24,"column":14},"end":{"line":24,"column":null}},"4":{"start":{"line":25,"column":45},"end":{"line":29,"column":null}},"5":{"start":{"line":31,"column":2},"end":{"line":31,"column":null}}},"fnMap":{"0":{"name":"(anonymous_0)","decl":{"start":{"line":23,"column":6},"end":{"line":23,"column":21}},"loc":{"start":{"line":23,"column":101},"end":{"line":31,"column":null}},"line":23}},"branchMap":{"0":{"loc":{"start":{"line":23,"column":23},"end":{"line":23,"column":41}},"type":"default-arg","locations":[{"start":{"line":23,"column":30},"end":{"line":23,"column":41}}],"line":23},"1":{"loc":{"start":{"line":23,"column":48},"end":{"line":23,"column":101}},"type":"default-arg","locations":[{"start":{"line":23,"column":55},"end":{"line":23,"column":101}}],"line":23},"2":{"loc":{"start":{"line":28,"column":8},"end":{"line":28,"column":null}},"type":"cond-expr","locations":[{"start":{"line":28,"column":16},"end":{"line":28,"column":25}},{"start":{"line":28,"column":28},"end":{"line":28,"column":null}}],"line":28}},"s":{"0":1,"1":1,"2":1,"3":7,"4":7,"5":7},"f":{"0":7},"b":{"0":[7],"1":[7],"2":[2,5]},"meta":{"lastBranch":3,"lastFunction":1,"lastStatement":6,"seen":{"s:7:31:7:Infinity":0,"s:9:69:15:Infinity":1,"s:23:6:31:Infinity":2,"f:23:6:23:21":0,"b:23:30:23:41":0,"b:23:55:23:101":1,"s:24:14:24:Infinity":3,"s:25:45:29:Infinity":4,"b:28:16:28:25:28:28:28:Infinity":2,"s:31:2:31:Infinity":5}}}
}
